Поколение 1:
    X XX X  X XXXX 
X XXXX  X   X  XXXX
XX   XX X XXX XX XX
X X X XXXXXX   X X 
 XX X XXXX X X  X  
XX XX X X X  XX XXX
X    X  XX X XXXXXX
XXX X X  XXX X  XX 
  XXX X XXX    XX X
 X   XXX X X X  XXX
XXX X   X XXXXXXX  
   XX  XX  X  XXX  
XX XXXXXXX  XX     
 XXXXXXXX X XXX XX 
X   X   XX X X X X 
     X  XXXXXXX   X
XX XXXX  X  X XX XX
 XXXXX  XX X   XXX 
X XXXX XXXX  X  X  

Поколение 2:
    X XXX    XX   X
X XX    X X X      
X           XXX    
X X X        X X XX
    X      X X    X
X  XX X    X      X
      X X  X       
X X X X    X X     
X   X         XX  X
X     X      X    X
XXX X              
                X  
XX        X      X 
          X    XXX 
 XX            X XX
XX X  XX          X
XX    XX          X
           XXX    X
     XXX  X    XXX 

Поколение 3:
   X   XXX  XX XXX 
 X XXX  XX XX  XXXX
XXX  XX X XXX XX XX
 X X  XXXXXX     XX
 XX X XXXX    X X X
 X XX  XX XX XX XX 
XX  XXX  XXX XXXXXX
 X X   X XX X X XX 
X XX  X XXX XXX X  
XX X X X X X  X XX 
XX      X XXXXXXX  
  XXX  XX  X  XX   
   XXXXXXX  XX X X 
XXXXXXXXX   XXXX   
XXX X   XX X X X  X
     XXXXXXXXXX   X
XXXXXXXX X  X XX XX
 XXXXX  XX XX  XXXX
X XXX X XX XXX  XX 

Поколение 4:
  XXX XX XXXXXXX  X
XXXX X    X        
X            XXX   
X XXX       XXXX   
XX  X      XXXX X X
X     X    X      X
XX   XX X         X
X XXX XX   X X    X
X  XX X     X XX  X
   XX XX     X   XX
X X X X          X 
 XX             X  
XX       XXX       
X         XX   XXX 
X              X X 
XX X            X X
X                  
             X     
     X XXXXX X X  X

Поколение 5:
    XXX XXXXXXX XX 
X   XXX XXXXX  XXXX
XXX  XX X XXX  X XX
XXXXX XXXXXX    XXX
X X XXXXXX X     X 
 X XX XXX XX XX XXX
X XXX    XXXXXXXXXX
XXX      XX XXX XXX
 XX     XXX XXX X X
XXX  XXX X X XX XXX
 XX X XXX XXXXXXXXX
  XXX  XX XX  XX   
X XXXXXXXX XXX X X 
XXXXXXXXXX XXXXX X 
XXX X   XX X X X  X
XX   XXXXXXXXXX XX 
XXXXXXXX X  X XX XX
 XXXXX  XXXXX XXXXX
X XXX X XXX X X XX 

Поколение 1:
XXXXXXX  X    XX   
   XXXXX   XX X    
  XX X XX XXX XX  X
XXX   XXX X XXXX   
  XX   XXXX X    XX
 XXXXX XX X X XX  X
XX XX X  X X  X   X
XX X X XX XXXXX  XX
XX  XX X X XX X X  
XXXX  XXXXXX X XX  
 X  X X XX X     XX
  X XXXX    XX X X 
X  X  XXX  X X     
X XXX XXXXXXX XX  X
XX   X X  XX X XXXX
   X  X  XX XX  X X
XX XXXXXXXX  X  XXX
 XX   X X  X    XXX
X XXXX XX XXXX   XX

Поколение 2:
 XX    X     XXX   
         X  X      
          X        
    X          XXXX
X    X    X X   XXX
X    X      X XX  X
                  X
   X   X      X  XX
     X          X  
   X         XXXX  
X   X      X X X XX
 XX X    XXX XX XXX
               XX  
X XXX          X  X
XX   X            X
   X         X     
XX XX        X X   
             X     
  XXXXXXXXXXX   X X

Поколение 3:
X  XXXX  X   XX    
   XXXXX   X XX    
  XX X XX  XX XXXXX
XXX   XXX XXXXXX  X
  XXXX XXX X XX    
 XXXX  XX XX X XX X
XX XX X  X X XXX  X
XX   X  X XXXX   XX
XX  X  X X XXXX X  
XXX X XXXXXXXX     
 XX X X XX X      X
 X X XXX  XXXX X  X
X  XX XXX XX X    X
X XXX XXXXXXX XXXX 
XX     X  XX X XXX 
   X  X  XX X X X X
  XXXXXXXXX XX  XXX
 XX   XXXXXX XX XXX
X  XXXXXXXXXXX   X 

Поколение 4:
 XXX   X    XXXX   
         XXXX   XX 
         XX     XXX
    X           XXX
X    X    X X   XXX
X    X     XX X XX 
      X        X  X
   X XXXX     X XXX
   XXX        X  X 
   XX X       XXX  
X   X        XXX X 
XXX X    X   XX XXX
X              XX X
X X X             X
XX  XX            X
 X X         XX   X
XX  X          X   
 X            XX   
 XXXXX       XX XXX

Поколение 1:
X     XX XXXXXX X X
  XX  X  X XX X X X
 X X  XXX        X 
 X X  X       X    
XX   XX  XX  X XXX 
X  XXXXXXXX  XXX XX
X  XXX  X   XXX    
 X X  X     X     X
XXXXX  XX X XXX X  
XXXX     XXXXXX  XX
X XX XX  X    XX X 
 XX XXXXXXXXX XX   
 X     XX X X   X  
XX   XXXX X X   X X
X    X XX X XXX  X 
    X     X   XX X 
 XX    XX X XX   XX
 X   XXXX XXXX   XX
X XX XX XXXXXXX   X

Поколение 2:
      XXXX    X    
 XXX X   X    X X X
 X XXXX X    X X X 
 X  X   XX    XX X 
XX X      X  X   XX
X XX      XX     XX
XX      X  XX  X XX
      X XX     X   
    X  XX X   XX  X
     XXX         XX
X                XX
X   X       X X    
    X       X   XX 
XX   X    X X  XX  
XX  XX  X X X X  XX
 X    X   X    X X 
 XX  X  X X        
X  XXX             
 XX XX  X     X  XX

Поколение 3:
X X   XXXXXXXX XX X
 X X  X  X XXXX XX 
XX    XXX    X   XX
 X X  XXXX   X X X 
X  XXXX  XXX  XXX  
   XXXXXXXX  XXX   
XXXXXX XX  XXXX  XX
 X X      XXX  X XX
XXXX        XXXXXXX
XXXX XXXXXXXXXX X  
  XX XX  X    XX XX
 XX  XXXXXXX X XX X
XX  XX XX X X   XX 
XX   XXXXX  X  X  X
  X XXXX  X  XX  XX
    X XX  X   X XXX
XXXX XXX X  XX   XX
XX    XXXXXXXX   XX
XXXX XX  XXXXX     

Поколение 4:
 XX   XXXX    XXX  
  X  X            X
XX XXX    X    X  X
 X XX       XXXX XX
 X         XXX   XX
X X        X     XX
XX             X XX
      X XXX        
    X XXX X       X
X    X XXXXX     XX
X                 X
X   X      XXXX   X
    X       XXX   X
X XX      X X XXX X
XX XX   X XXXXX    
 X       XXXX XXX  
X XXX   X X   X    
   XXX        X  XX
X X XXX X    XX  XX

Поколение 5:
XXX   XXX XXXX X  X
XX X XXXXX XXXX XX 
XX   XXXX    X XXXX
 X X XXXXX     X   
XX XXXX  XXX  XXX  
X XXXXXXXXXX XXX   
XXXXXX XXXXXXXX XXX
 X X XX X XXX  X XX
XXXX        XXXXXXX
 XXX XX   XXXXX XXX
XXXX XX XX   XXX XX
 XX  XXXXXXX  XXXXX
XX  XX XX X     XXX
XXX  XXXXXX      X 
X XXXXXX         XX
    X XXX        XX
 XX  XXX XX XXX XXX
XX    XXXXXXXXXX XX
 X X  X  XXXXXX  XX

Поколение 1:
X XXXX XX  X  X XX 
XX XX XX X X X X  X
 X X  X   XXXX X  X
  XX  XXXX  X   X X
 XX X  XX XX  X  XX
XXX XX X  XX  X    
 XX X XX  X   XXXX 
  X    X  X  X X X 
 XX   XXXX XX X  X 
 X X    XXX  XXX  X
XXXXXXX X  X XX XX 
X   XX    XXX    XX
X X  X XXX XXX X XX
XXXXXX XX X  XX X X
  XX  X XXXXX   XX 
XXXXXXXXXXXXXX X  X
 X XXXXXXXX  X  XXX
 X X XXXXX XX      
  XX  X  X  X XXXXX

Поколение 2:
X X  X XX X X XXXX 
X        X   X X  X
XX           X XX X
    XXX       XXX X
X   X       XX X XX
X   X        XX   X
X   X  XXXX  X   X 
     X    X XX   XX
 X X  X    XX    XX
                  X
X     XXX       X  
X              X   
X X    X       X   
X    X        X   X
                X X
X            XXX  X
             XX XXX
 X         XX X    
  XXXXX  XXXXX XXX 

Поколение 3:
 X XX   XX X XXXXX 
XX XX XXXX XXX    X
XX X XX   XXXX    X
XXXXXX XXX  X     X
 XXXX  XX XXX X   X
XXXXXX XXXXX    X X
 XX XXX XXXX  XXXX 
  X XXXXX X  X XX  
  X    XXX XXXX    
 X X  X XXX  XXX  X
 XXXXX X   X XX  X 
X   XXX X XXX  XXXX
X    X  XX XXXXX XX
 XXXX  XX X  X XXX 
  XX  X XXXXXX   XX
 XXXXXXXXXXXXX    X
 X XXXXXXXX     XXX
  XXXXXXXX        X
  XXXX    X  XXXX X

Поколение 4:
XXXXXX X XXXXXXXXX 
      X        XX X
               XXXX
      X       XXXXX
X           XX X XX
X            XX X X
X      X    XXX    
  X X       X    XX
 XXXX X    X    XXX
 X   XX        X   
XX    X X       X  
X X     X          
X X    X           
XX  XXX       XX  X
                X X
XX           XXXX  
 X          XXX   X
 X         XX X   X
  X   XXXX XX XX X 

Поколение 1:
                   
                   
       X   X       
        X    X     
           XX  X   
                   
                   
                   
                   
                   
                   
                   
                   
                   
                   
                   
                   
                   
                   

Поколение 1:
                   
                   
       X   X       
        X    X     
           XX  X   
                   
                   
                   
                   
                   
                   
                   
                   
                   
                   
                   
                   
                   
                   

Поколение 1:
                   
                   
       X   X       
        X    X     
           XX  X   
                   
                   
                   
                   
                   
                   
                   
                   
                   
                   
                   
                   
                   
                   

